app/build/intermediates/manifest_merge_blame_file/debug/manifest-merger-blame-debug-report.txt
1<?xml version="1.0" encoding="utf-8"?>
2<manifest xmlns:android="http://schemas.android.com/apk/res/android"
3    package="com.ridealong.android"
4    android:versionCode="34"
5    android:versionName="3.4" >
6
7    <uses-sdk
8        android:minSdkVersion="19"
8-->src/main/AndroidManifest.xml
9        android:targetSdkVersion="29" />
9-->src/main/AndroidManifest.xml
10    <!-- necessary to store maps -->
11    <uses-permission android:name="android.permission.WRITE_EXTERNAL_STORAGE" /> <!-- necessary to select downloaded map from DownloadManager -->
11-->src/main/AndroidManifest.xml:7:5-81
11-->src/main/AndroidManifest.xml:7:22-78
12    <uses-permission android:name="android.permission.READ_EXTERNAL_STORAGE" />
12-->src/main/AndroidManifest.xml:8:5-80
12-->src/main/AndroidManifest.xml:8:22-77
13    <uses-permission android:name="android.permission.READ_INTERNAL_STORAGE" />
13-->src/main/AndroidManifest.xml:9:5-80
13-->src/main/AndroidManifest.xml:9:22-77
14    <uses-permission android:name="android.permission.MANAGE_DOCUMENTS" /> <!-- necessary to easily download maps via wifi -->
14-->src/main/AndroidManifest.xml:10:5-75
14-->src/main/AndroidManifest.xml:10:22-72
15    <uses-permission android:name="android.permission.INTERNET" />
15-->src/main/AndroidManifest.xml:11:5-67
15-->src/main/AndroidManifest.xml:11:22-64
16    <uses-permission android:name="android.permission.ACCESS_NETWORK_STATE" /> <!-- Location API methods required permission -->
16-->src/main/AndroidManifest.xml:12:5-79
16-->src/main/AndroidManifest.xml:12:22-76
17    <uses-permission android:name="android.permission.ACCESS_COARSE_LOCATION" />
17-->src/main/AndroidManifest.xml:13:5-81
17-->src/main/AndroidManifest.xml:13:22-78
18    <uses-permission android:name="android.permission.ACCESS_FINE_LOCATION" />
18-->src/main/AndroidManifest.xml:14:5-79
18-->src/main/AndroidManifest.xml:14:22-76
19
20    <uses-feature android:name="android.hardware.location.gps" />
20-->src/main/AndroidManifest.xml:16:5-66
20-->src/main/AndroidManifest.xml:16:19-63
21
22    <uses-permission android:name="android.permission.WAKE_LOCK" />
22-->[com.google.android.gms:play-services-measurement:17.2.2] AndroidManifest.xml:25:5-68
22-->[com.google.android.gms:play-services-measurement:17.2.2] AndroidManifest.xml:25:22-65
23    <uses-permission android:name="com.google.android.finsky.permission.BIND_GET_INSTALL_REFERRER_SERVICE" /> <!-- Required by older versions of Google Play services to create IID tokens -->
23-->[com.google.android.gms:play-services-measurement:17.2.2] AndroidManifest.xml:26:5-110
23-->[com.google.android.gms:play-services-measurement:17.2.2] AndroidManifest.xml:26:22-107
24    <uses-permission android:name="com.google.android.c2dm.permission.RECEIVE" />
24-->[com.google.firebase:firebase-iid:20.0.2] AndroidManifest.xml:26:5-82
24-->[com.google.firebase:firebase-iid:20.0.2] AndroidManifest.xml:26:22-79
25
26    <application
26-->src/main/AndroidManifest.xml:18:5-113:19
27        android:name="androidx.multidex.MultiDexApplication"
28        android:allowBackup="true"
28-->src/main/AndroidManifest.xml:19:9-35
29        android:appComponentFactory="androidx.core.app.CoreComponentFactory"
29-->[androidx.core:core:1.1.0] AndroidManifest.xml:24:18-86
30        android:debuggable="true"
31        android:icon="@mipmap/ic_launcher"
31-->src/main/AndroidManifest.xml:20:9-43
32        android:label="@string/app_name"
32-->src/main/AndroidManifest.xml:21:9-41
33        android:logo="@mipmap/ic_launcher"
33-->src/main/AndroidManifest.xml:22:9-43
34        android:networkSecurityConfig="@xml/network_security_config"
34-->src/main/AndroidManifest.xml:23:9-69
35        android:testOnly="true"
36        android:theme="@style/MYAppTheme" >
36-->src/main/AndroidManifest.xml:24:9-42
37        <activity
37-->src/main/AndroidManifest.xml:25:9-46:20
38            android:name="com.junjunguo.pocketmaps.activities.MainActivity"
38-->src/main/AndroidManifest.xml:26:13-52
39            android:label="@string/app_name"
39-->src/main/AndroidManifest.xml:27:13-45
40            android:launchMode="singleTask"
40-->src/main/AndroidManifest.xml:28:13-44
41            android:screenOrientation="portrait"
41-->src/main/AndroidManifest.xml:29:13-49
42            android:theme="@style/MyAppThemeActionBar" >
42-->src/main/AndroidManifest.xml:30:13-55
43            <intent-filter>
43-->src/main/AndroidManifest.xml:31:13-35:29
44                <action android:name="android.intent.action.MAIN" />
44-->src/main/AndroidManifest.xml:32:17-69
44-->src/main/AndroidManifest.xml:32:25-66
45
46                <category android:name="android.intent.category.LAUNCHER" />
46-->src/main/AndroidManifest.xml:34:17-77
46-->src/main/AndroidManifest.xml:34:27-74
47            </intent-filter>
48            <intent-filter>
48-->src/main/AndroidManifest.xml:36:13-45:29
49                <action android:name="android.intent.action.VIEW" />
49-->src/main/AndroidManifest.xml:37:17-69
49-->src/main/AndroidManifest.xml:37:25-66
50
51                <category android:name="android.intent.category.DEFAULT" />
51-->src/main/AndroidManifest.xml:39:17-76
51-->src/main/AndroidManifest.xml:39:27-73
52                <category android:name="android.intent.category.BROWSABLE" />
52-->src/main/AndroidManifest.xml:40:17-78
52-->src/main/AndroidManifest.xml:40:27-75
53
54                <data android:mimeType="application/pocketmaps" />
54-->src/main/AndroidManifest.xml:42:17-67
54-->src/main/AndroidManifest.xml:42:23-64
55                <data android:host="*" />
55-->src/main/AndroidManifest.xml:42:17-67
55-->src/main/AndroidManifest.xml:43:23-39
56                <data android:scheme="content" />
56-->src/main/AndroidManifest.xml:42:17-67
56-->src/main/AndroidManifest.xml:44:23-47
57            </intent-filter>
58        </activity>
59        <activity
59-->src/main/AndroidManifest.xml:47:9-68:20
60            android:name="com.junjunguo.pocketmaps.activities.ShowLocationActivity"
60-->src/main/AndroidManifest.xml:48:13-60
61            android:label="@string/title_activity_map"
61-->src/main/AndroidManifest.xml:49:13-55
62            android:screenOrientation="portrait"
62-->src/main/AndroidManifest.xml:50:13-49
63            android:theme="@style/MYAppTheme" >
63-->src/main/AndroidManifest.xml:51:13-46
64            <intent-filter>
64-->src/main/AndroidManifest.xml:52:13-59:29
65                <action android:name="android.intent.action.VIEW" />
65-->src/main/AndroidManifest.xml:37:17-69
65-->src/main/AndroidManifest.xml:37:25-66
66
67                <category android:name="android.intent.category.DEFAULT" />
67-->src/main/AndroidManifest.xml:39:17-76
67-->src/main/AndroidManifest.xml:39:27-73
68                <category android:name="android.intent.category.BROWSABLE" />
68-->src/main/AndroidManifest.xml:40:17-78
68-->src/main/AndroidManifest.xml:40:27-75
69
70                <data android:scheme="geo" />
70-->src/main/AndroidManifest.xml:42:17-67
70-->src/main/AndroidManifest.xml:44:23-47
71            </intent-filter>
72            <intent-filter>
72-->src/main/AndroidManifest.xml:60:13-67:29
73                <action android:name="android.intent.action.VIEW" />
73-->src/main/AndroidManifest.xml:37:17-69
73-->src/main/AndroidManifest.xml:37:25-66
74
75                <category android:name="android.intent.category.DEFAULT" />
75-->src/main/AndroidManifest.xml:39:17-76
75-->src/main/AndroidManifest.xml:39:27-73
76
77                <data android:scheme="google.navigation" />
77-->src/main/AndroidManifest.xml:42:17-67
77-->src/main/AndroidManifest.xml:44:23-47
78                <data android:scheme="osmand.navigation" />
78-->src/main/AndroidManifest.xml:42:17-67
78-->src/main/AndroidManifest.xml:44:23-47
79            </intent-filter>
80        </activity>
81        <activity
81-->src/main/AndroidManifest.xml:69:9-73:49
82            android:name="com.junjunguo.pocketmaps.activities.MapActivity"
82-->src/main/AndroidManifest.xml:70:13-51
83            android:label="@string/title_activity_map"
83-->src/main/AndroidManifest.xml:71:13-55
84            android:screenOrientation="portrait"
84-->src/main/AndroidManifest.xml:72:13-49
85            android:theme="@style/MYAppTheme" />
85-->src/main/AndroidManifest.xml:73:13-46
86        <activity
86-->src/main/AndroidManifest.xml:74:9-78:49
87            android:name="com.junjunguo.pocketmaps.activities.LatLonActivity"
87-->src/main/AndroidManifest.xml:75:13-54
88            android:label="@string/enter_lat_lon"
88-->src/main/AndroidManifest.xml:76:13-50
89            android:screenOrientation="portrait"
89-->src/main/AndroidManifest.xml:77:13-49
90            android:theme="@style/MYAppTheme" />
90-->src/main/AndroidManifest.xml:78:13-46
91        <activity
91-->src/main/AndroidManifest.xml:79:9-83:58
92            android:name="com.junjunguo.pocketmaps.activities.DownloadMapActivity"
92-->src/main/AndroidManifest.xml:80:13-59
93            android:label="@string/title_activity_download"
93-->src/main/AndroidManifest.xml:81:13-60
94            android:screenOrientation="portrait"
94-->src/main/AndroidManifest.xml:82:13-49
95            android:theme="@style/MyAppThemeActionBar" />
95-->src/main/AndroidManifest.xml:83:13-55
96        <activity
96-->src/main/AndroidManifest.xml:84:9-88:58
97            android:name="com.junjunguo.pocketmaps.activities.Analytics"
97-->src/main/AndroidManifest.xml:85:13-49
98            android:label="@string/title_activity_analytics"
98-->src/main/AndroidManifest.xml:86:13-61
99            android:screenOrientation="portrait"
99-->src/main/AndroidManifest.xml:87:13-49
100            android:theme="@style/MyAppThemeActionBar" />
100-->src/main/AndroidManifest.xml:88:13-55
101        <activity
101-->src/main/AndroidManifest.xml:89:9-93:58
102            android:name="com.junjunguo.pocketmaps.activities.Permission"
102-->src/main/AndroidManifest.xml:90:13-50
103            android:label="@string/settings"
103-->src/main/AndroidManifest.xml:91:13-45
104            android:screenOrientation="portrait"
104-->src/main/AndroidManifest.xml:92:13-49
105            android:theme="@style/MyAppThemeActionBar" />
105-->src/main/AndroidManifest.xml:93:13-55
106        <activity
106-->src/main/AndroidManifest.xml:94:9-97:49
107            android:name="com.junjunguo.pocketmaps.activities.GeocodeActivity"
107-->src/main/AndroidManifest.xml:95:13-55
108            android:label="@string/search_location"
108-->src/main/AndroidManifest.xml:96:13-52
109            android:theme="@style/MYAppTheme" />
109-->src/main/AndroidManifest.xml:97:13-46
110        <activity
110-->src/main/AndroidManifest.xml:98:9-101:49
111            android:name="com.junjunguo.pocketmaps.activities.AboutActivity"
111-->src/main/AndroidManifest.xml:99:13-53
112            android:label="@string/title_activity_about"
112-->src/main/AndroidManifest.xml:100:13-57
113            android:theme="@style/MYAppTheme" />
113-->src/main/AndroidManifest.xml:101:13-46
114
115        <!-- RideAlong activities -->
116        <activity
116-->src/main/AndroidManifest.xml:104:9-106:60
117            android:name="com.junjunguo.pocketmaps.activities.ui.login.LoginActivity"
117-->src/main/AndroidManifest.xml:105:13-62
118            android:label="@string/title_activity_login" />
118-->src/main/AndroidManifest.xml:106:13-57
119        <activity
119-->src/main/AndroidManifest.xml:107:9-109:63
120            android:name="com.junjunguo.pocketmaps.activities.ui.login.RegisterActivity"
120-->src/main/AndroidManifest.xml:108:13-65
121            android:label="@string/title_activity_register" />
121-->src/main/AndroidManifest.xml:109:13-60
122        <activity
122-->src/main/AndroidManifest.xml:110:9-112:66
123            android:name="com.junjunguo.pocketmaps.activities.GroupCreateActivity"
123-->src/main/AndroidManifest.xml:111:13-59
124            android:label="@string/title_activity_group_create" />
124-->src/main/AndroidManifest.xml:112:13-64
125
126        <service
126-->[com.google.firebase:firebase-firestore:21.4.0] AndroidManifest.xml:17:9-23:19
127            android:name="com.google.firebase.components.ComponentDiscoveryService"
127-->[com.google.firebase:firebase-firestore:21.4.0] AndroidManifest.xml:18:13-84
128            android:directBootAware="true"
128-->[com.google.firebase:firebase-common:19.3.0] AndroidManifest.xml:34:13-43
129            android:exported="false" >
129-->[com.google.firebase:firebase-firestore:21.4.0] AndroidManifest.xml:19:13-37
130            <meta-data
130-->[com.google.firebase:firebase-firestore:21.4.0] AndroidManifest.xml:20:13-22:85
131                android:name="com.google.firebase.components:com.google.firebase.firestore.FirestoreRegistrar"
131-->[com.google.firebase:firebase-firestore:21.4.0] AndroidManifest.xml:21:17-111
132                android:value="com.google.firebase.components.ComponentRegistrar" />
132-->[com.google.firebase:firebase-firestore:21.4.0] AndroidManifest.xml:22:17-82
133            <meta-data
133-->[com.google.firebase:firebase-auth:19.2.0] AndroidManifest.xml:36:13-38:85
134                android:name="com.google.firebase.components:com.google.firebase.auth.FirebaseAuthRegistrar"
134-->[com.google.firebase:firebase-auth:19.2.0] AndroidManifest.xml:37:17-109
135                android:value="com.google.firebase.components.ComponentRegistrar" />
135-->[com.google.firebase:firebase-auth:19.2.0] AndroidManifest.xml:38:17-82
136            <meta-data
136-->[com.google.android.gms:play-services-measurement-api:17.2.2] AndroidManifest.xml:30:13-32:85
137                android:name="com.google.firebase.components:com.google.firebase.analytics.connector.internal.AnalyticsConnectorRegistrar"
137-->[com.google.android.gms:play-services-measurement-api:17.2.2] AndroidManifest.xml:31:17-139
138                android:value="com.google.firebase.components.ComponentRegistrar" />
138-->[com.google.android.gms:play-services-measurement-api:17.2.2] AndroidManifest.xml:32:17-82
139            <meta-data
139-->[com.google.firebase:firebase-iid:20.0.2] AndroidManifest.xml:32:13-34:85
140                android:name="com.google.firebase.components:com.google.firebase.iid.Registrar"
140-->[com.google.firebase:firebase-iid:20.0.2] AndroidManifest.xml:33:17-96
141                android:value="com.google.firebase.components.ComponentRegistrar" />
141-->[com.google.firebase:firebase-iid:20.0.2] AndroidManifest.xml:34:17-82
142        </service>
143
144        <activity
144-->[com.google.firebase:firebase-auth:19.2.0] AndroidManifest.xml:24:9-31:50
145            android:name="com.google.firebase.auth.internal.FederatedSignInActivity"
145-->[com.google.firebase:firebase-auth:19.2.0] AndroidManifest.xml:25:13-85
146            android:excludeFromRecents="true"
146-->[com.google.firebase:firebase-auth:19.2.0] AndroidManifest.xml:26:13-46
147            android:exported="true"
147-->[com.google.firebase:firebase-auth:19.2.0] AndroidManifest.xml:27:13-36
148            android:launchMode="singleTask"
148-->[com.google.firebase:firebase-auth:19.2.0] AndroidManifest.xml:28:13-44
149            android:permission="com.google.firebase.auth.api.gms.permission.LAUNCH_FEDERATED_SIGN_IN"
149-->[com.google.firebase:firebase-auth:19.2.0] AndroidManifest.xml:29:13-102
150            android:theme="@android:style/Theme.Translucent.NoTitleBar" />
150-->[com.google.firebase:firebase-auth:19.2.0] AndroidManifest.xml:30:13-72
151
152        <receiver
152-->[com.google.android.gms:play-services-measurement:17.2.2] AndroidManifest.xml:29:9-33:20
153            android:name="com.google.android.gms.measurement.AppMeasurementReceiver"
153-->[com.google.android.gms:play-services-measurement:17.2.2] AndroidManifest.xml:30:13-85
154            android:enabled="true"
154-->[com.google.android.gms:play-services-measurement:17.2.2] AndroidManifest.xml:31:13-35
155            android:exported="false" >
155-->[com.google.android.gms:play-services-measurement:17.2.2] AndroidManifest.xml:32:13-37
156        </receiver>
157        <receiver
157-->[com.google.android.gms:play-services-measurement:17.2.2] AndroidManifest.xml:34:9-42:20
158            android:name="com.google.android.gms.measurement.AppMeasurementInstallReferrerReceiver"
158-->[com.google.android.gms:play-services-measurement:17.2.2] AndroidManifest.xml:35:13-100
159            android:enabled="true"
159-->[com.google.android.gms:play-services-measurement:17.2.2] AndroidManifest.xml:36:13-35
160            android:exported="true"
160-->[com.google.android.gms:play-services-measurement:17.2.2] AndroidManifest.xml:37:13-36
161            android:permission="android.permission.INSTALL_PACKAGES" >
161-->[com.google.android.gms:play-services-measurement:17.2.2] AndroidManifest.xml:38:13-69
162            <intent-filter>
162-->[com.google.android.gms:play-services-measurement:17.2.2] AndroidManifest.xml:39:13-41:29
163                <action android:name="com.android.vending.INSTALL_REFERRER" />
163-->[com.google.android.gms:play-services-measurement:17.2.2] AndroidManifest.xml:40:17-79
163-->[com.google.android.gms:play-services-measurement:17.2.2] AndroidManifest.xml:40:25-76
164            </intent-filter>
165        </receiver>
166
167        <service
167-->[com.google.android.gms:play-services-measurement:17.2.2] AndroidManifest.xml:44:9-47:40
168            android:name="com.google.android.gms.measurement.AppMeasurementService"
168-->[com.google.android.gms:play-services-measurement:17.2.2] AndroidManifest.xml:45:13-84
169            android:enabled="true"
169-->[com.google.android.gms:play-services-measurement:17.2.2] AndroidManifest.xml:46:13-35
170            android:exported="false" />
170-->[com.google.android.gms:play-services-measurement:17.2.2] AndroidManifest.xml:47:13-37
171        <service
171-->[com.google.android.gms:play-services-measurement:17.2.2] AndroidManifest.xml:48:9-52:72
172            android:name="com.google.android.gms.measurement.AppMeasurementJobService"
172-->[com.google.android.gms:play-services-measurement:17.2.2] AndroidManifest.xml:49:13-87
173            android:enabled="true"
173-->[com.google.android.gms:play-services-measurement:17.2.2] AndroidManifest.xml:50:13-35
174            android:exported="false"
174-->[com.google.android.gms:play-services-measurement:17.2.2] AndroidManifest.xml:51:13-37
175            android:permission="android.permission.BIND_JOB_SERVICE" />
175-->[com.google.android.gms:play-services-measurement:17.2.2] AndroidManifest.xml:52:13-69
176
177        <receiver
177-->[com.google.firebase:firebase-iid:20.0.2] AndroidManifest.xml:37:9-44:20
178            android:name="com.google.firebase.iid.FirebaseInstanceIdReceiver"
178-->[com.google.firebase:firebase-iid:20.0.2] AndroidManifest.xml:38:13-78
179            android:exported="true"
179-->[com.google.firebase:firebase-iid:20.0.2] AndroidManifest.xml:39:13-36
180            android:permission="com.google.android.c2dm.permission.SEND" >
180-->[com.google.firebase:firebase-iid:20.0.2] AndroidManifest.xml:40:13-73
181            <intent-filter>
181-->[com.google.firebase:firebase-iid:20.0.2] AndroidManifest.xml:41:13-43:29
182                <action android:name="com.google.android.c2dm.intent.RECEIVE" />
182-->[com.google.firebase:firebase-iid:20.0.2] AndroidManifest.xml:42:17-81
182-->[com.google.firebase:firebase-iid:20.0.2] AndroidManifest.xml:42:25-78
183            </intent-filter>
184        </receiver>
185
186        <provider
186-->[com.google.firebase:firebase-common:19.3.0] AndroidManifest.xml:26:9-30:39
187            android:name="com.google.firebase.provider.FirebaseInitProvider"
187-->[com.google.firebase:firebase-common:19.3.0] AndroidManifest.xml:27:13-77
188            android:authorities="com.ridealong.android.firebaseinitprovider"
188-->[com.google.firebase:firebase-common:19.3.0] AndroidManifest.xml:28:13-72
189            android:exported="false"
189-->[com.google.firebase:firebase-common:19.3.0] AndroidManifest.xml:29:13-37
190            android:initOrder="100" />
190-->[com.google.firebase:firebase-common:19.3.0] AndroidManifest.xml:30:13-36
191
192        <activity
192-->[com.google.android.gms:play-services-base:17.1.0] AndroidManifest.xml:23:9-26:75
193            android:name="com.google.android.gms.common.api.GoogleApiActivity"
193-->[com.google.android.gms:play-services-base:17.1.0] AndroidManifest.xml:24:13-79
194            android:exported="false"
194-->[com.google.android.gms:play-services-base:17.1.0] AndroidManifest.xml:25:13-37
195            android:theme="@android:style/Theme.Translucent.NoTitleBar" />
195-->[com.google.android.gms:play-services-base:17.1.0] AndroidManifest.xml:26:13-72
196
197        <meta-data
197-->[com.google.android.gms:play-services-basement:17.0.0] AndroidManifest.xml:23:9-25:69
198            android:name="com.google.android.gms.version"
198-->[com.google.android.gms:play-services-basement:17.0.0] AndroidManifest.xml:24:13-58
199            android:value="@integer/google_play_services_version" />
199-->[com.google.android.gms:play-services-basement:17.0.0] AndroidManifest.xml:25:13-66
200
201        <provider
201-->[androidx.lifecycle:lifecycle-process:2.2.0] AndroidManifest.xml:25:9-29:43
202            android:name="androidx.lifecycle.ProcessLifecycleOwnerInitializer"
202-->[androidx.lifecycle:lifecycle-process:2.2.0] AndroidManifest.xml:26:13-79
203            android:authorities="com.ridealong.android.lifecycle-process"
203-->[androidx.lifecycle:lifecycle-process:2.2.0] AndroidManifest.xml:27:13-69
204            android:exported="false"
204-->[androidx.lifecycle:lifecycle-process:2.2.0] AndroidManifest.xml:28:13-37
205            android:multiprocess="true" />
205-->[androidx.lifecycle:lifecycle-process:2.2.0] AndroidManifest.xml:29:13-40
206    </application>
207
208</manifest>